0 info it worked if it ends with ok
1 verbose cli [ 'C:\\Program Files\\nodejs\\node.exe',
1 verbose cli   'C:\\Program Files\\nodejs\\node_modules\\npm\\bin\\npm-cli.js',
1 verbose cli   'install' ]
2 info using npm@3.10.10
3 info using node@v6.10.0
4 verbose config Skipping project config: C:\Users\nacho/.npmrc. (matches userconfig)
5 silly loadCurrentTree Starting
6 silly install loadCurrentTree
7 silly install readLocalPackageData
8 verbose stack Error: kill ENOSYS
8 verbose stack     at exports._errnoException (util.js:1022:11)
8 verbose stack     at process.kill (internal/process.js:172:13)
8 verbose stack     at process.listener (C:\Program Files\nodejs\node_modules\npm\node_modules\npmlog\node_modules\gauge\node_modules\signal-exit\index.js:86:15)
8 verbose stack     at emitNone (events.js:91:20)
8 verbose stack     at process.emit (events.js:185:7)
8 verbose stack     at processEmit (C:\Program Files\nodejs\node_modules\npm\node_modules\npmlog\node_modules\gauge\node_modules\signal-exit\index.js:146:32)
8 verbose stack     at processEmit (C:\Program Files\nodejs\node_modules\npm\node_modules\npm-registry-client\node_modules\npmlog\node_modules\gauge\node_modules\signal-exit\index.js:146:32)
8 verbose stack     at Signal.wrap.onsignal (internal/process.js:199:44)
9 verbose cwd C:\Users\nacho\Documents\Diseño Web\Web\project-1-website-searching-jobs-delta
10 error Windows_NT 10.0.16299
11 error argv "C:\\Program Files\\nodejs\\node.exe" "C:\\Program Files\\nodejs\\node_modules\\npm\\bin\\npm-cli.js" "install"
12 error node v6.10.0
13 error npm  v3.10.10
14 error code ENOSYS
15 error errno ENOSYS
16 error syscall kill
17 error kill ENOSYS
18 error If you need help, you may report this error at:
18 error     <https://github.com/npm/npm/issues>
19 verbose exit [ 1, true ]
